<?xml version="1.0" encoding="UTF-8"?>
<coverage generated="1661865253">
  <project timestamp="1661865253">
    <file name="C:\Users\PC\OneDrive\Bureau\OpenClassrooms\P8-ToDo-Oc\src\Controller\MainController.php">
      <class name="App\Controller\MainController" namespace="global">
        <metrics complexity="1" methods="1" coveredmethods="1" conditionals="0" coveredconditionals="0" statements="1" coveredstatements="1" elements="2" coveredelements="2"/>
      </class>
      <line num="14" type="method" name="index" visibility="public" complexity="1" crap="1" count="2"/>
      <line num="16" type="stmt" count="2"/>
      <metrics loc="19" ncloc="16" classes="1" methods="1" coveredmethods="1" conditionals="0" coveredconditionals="0" statements="1" coveredstatements="1" elements="2" coveredelements="2"/>
    </file>
    <file name="C:\Users\PC\OneDrive\Bureau\OpenClassrooms\P8-ToDo-Oc\src\Controller\SecurityController.php">
      <class name="App\Controller\SecurityController" namespace="global">
        <metrics complexity="2" methods="2" coveredmethods="1" conditionals="0" coveredconditionals="0" statements="4" coveredstatements="3" elements="6" coveredelements="4"/>
      </class>
      <line num="12" type="method" name="login" visibility="public" complexity="1" crap="1" count="3"/>
      <line num="20" type="stmt" count="3"/>
      <line num="22" type="stmt" count="3"/>
      <line num="24" type="stmt" count="3"/>
      <line num="27" type="method" name="logout" visibility="public" complexity="1" crap="2" count="0"/>
      <line num="30" type="stmt" count="0"/>
      <metrics loc="33" ncloc="28" classes="1" methods="2" coveredmethods="1" conditionals="0" coveredconditionals="0" statements="4" coveredstatements="3" elements="6" coveredelements="4"/>
    </file>
    <file name="C:\Users\PC\OneDrive\Bureau\OpenClassrooms\P8-ToDo-Oc\src\Controller\TaskController.php">
      <class name="App\Controller\TaskController" namespace="global">
        <metrics complexity="23" methods="9" coveredmethods="5" conditionals="0" coveredconditionals="0" statements="55" coveredstatements="38" elements="64" coveredelements="43"/>
      </class>
      <line num="19" type="method" name="__construct" visibility="public" complexity="1" crap="1" count="9"/>
      <line num="22" type="stmt" count="9"/>
      <line num="23" type="stmt" count="9"/>
      <line num="30" type="method" name="listActionAll" visibility="public" complexity="3" crap="3" count="5"/>
      <line num="32" type="stmt" count="5"/>
      <line num="33" type="stmt" count="5"/>
      <line num="35" type="stmt" count="5"/>
      <line num="36" type="stmt" count="2"/>
      <line num="38" type="stmt" count="5"/>
      <line num="42" type="stmt" count="5"/>
      <line num="47" type="method" name="listActionTodo" visibility="public" complexity="3" crap="12" count="0"/>
      <line num="49" type="stmt" count="0"/>
      <line num="50" type="stmt" count="0"/>
      <line num="52" type="stmt" count="0"/>
      <line num="53" type="stmt" count="0"/>
      <line num="55" type="stmt" count="0"/>
      <line num="59" type="stmt" count="0"/>
      <line num="64" type="method" name="listActionDone" visibility="public" complexity="3" crap="12" count="0"/>
      <line num="66" type="stmt" count="0"/>
      <line num="67" type="stmt" count="0"/>
      <line num="69" type="stmt" count="0"/>
      <line num="70" type="stmt" count="0"/>
      <line num="72" type="stmt" count="0"/>
      <line num="76" type="stmt" count="0"/>
      <line num="81" type="method" name="createAction" visibility="public" complexity="3" crap="3" count="1"/>
      <line num="83" type="stmt" count="1"/>
      <line num="84" type="stmt" count="1"/>
      <line num="85" type="stmt" count="1"/>
      <line num="87" type="stmt" count="1"/>
      <line num="89" type="stmt" count="1"/>
      <line num="90" type="stmt" count="1"/>
      <line num="91" type="stmt" count="1"/>
      <line num="92" type="stmt" count="1"/>
      <line num="93" type="stmt" count="1"/>
      <line num="95" type="stmt" count="1"/>
      <line num="97" type="stmt" count="1"/>
      <line num="100" type="stmt" count="1"/>
      <line num="106" type="method" name="editAction" visibility="public" complexity="5" crap="5" count="3"/>
      <line num="108" type="stmt" count="3"/>
      <line num="109" type="stmt" count="3"/>
      <line num="111" type="stmt" count="1"/>
      <line num="113" type="stmt" count="2"/>
      <line num="114" type="stmt" count="2"/>
      <line num="116" type="stmt" count="2"/>
      <line num="117" type="stmt" count="1"/>
      <line num="119" type="stmt" count="1"/>
      <line num="121" type="stmt" count="1"/>
      <line num="124" type="stmt" count="2"/>
      <line num="125" type="stmt" count="2"/>
      <line num="133" type="method" name="toggleTaskAction" visibility="public" complexity="1" crap="2" count="0"/>
      <line num="135" type="stmt" count="0"/>
      <line num="136" type="stmt" count="0"/>
      <line num="138" type="stmt" count="0"/>
      <line num="140" type="stmt" count="0"/>
      <line num="146" type="method" name="deleteTaskAction" visibility="public" complexity="3" crap="3" count="3"/>
      <line num="150" type="stmt" count="3"/>
      <line num="151" type="stmt" count="3"/>
      <line num="153" type="stmt" count="1"/>
      <line num="156" type="stmt" count="2"/>
      <line num="157" type="stmt" count="2"/>
      <line num="159" type="stmt" count="2"/>
      <line num="161" type="stmt" count="2"/>
      <line num="166" type="method" name="nonAuthorised" visibility="public" complexity="1" crap="2" count="0"/>
      <line num="169" type="stmt" count="0"/>
      <metrics loc="172" ncloc="148" classes="1" methods="9" coveredmethods="5" conditionals="0" coveredconditionals="0" statements="55" coveredstatements="38" elements="64" coveredelements="43"/>
    </file>
    <file name="C:\Users\PC\OneDrive\Bureau\OpenClassrooms\P8-ToDo-Oc\src\Controller\UserController.php">
      <class name="App\Controller\UserController" namespace="global">
        <metrics complexity="11" methods="4" coveredmethods="2" conditionals="0" coveredconditionals="0" statements="31" coveredstatements="20" elements="35" coveredelements="22"/>
      </class>
      <line num="20" type="method" name="__construct" visibility="public" complexity="1" crap="1" count="4"/>
      <line num="23" type="stmt" count="4"/>
      <line num="24" type="stmt" count="4"/>
      <line num="31" type="method" name="listAction" visibility="public" complexity="2" crap="2" count="3"/>
      <line num="34" type="stmt" count="3"/>
      <line num="35" type="stmt" count="1"/>
      <line num="37" type="stmt" count="2"/>
      <line num="44" type="method" name="createAction" visibility="public" complexity="5" crap="5.01" count="1"/>
      <line num="46" type="stmt" count="1"/>
      <line num="47" type="stmt" count="1"/>
      <line num="49" type="stmt" count="1"/>
      <line num="50" type="stmt" count="1"/>
      <line num="52" type="stmt" count="1"/>
      <line num="54" type="stmt" count="1"/>
      <line num="56" type="stmt" count="1"/>
      <line num="59" type="stmt" count="1"/>
      <line num="61" type="stmt" count="1"/>
      <line num="63" type="stmt" count="1"/>
      <line num="65" type="stmt" count="1"/>
      <line num="66" type="stmt" count="1"/>
      <line num="68" type="stmt" count="1"/>
      <line num="70" type="stmt" count="1"/>
      <line num="73" type="stmt" count="0"/>
      <line num="77" type="stmt" count="1"/>
      <line num="83" type="method" name="editAction" visibility="public" complexity="3" crap="12" count="0"/>
      <line num="85" type="stmt" count="0"/>
      <line num="87" type="stmt" count="0"/>
      <line num="89" type="stmt" count="0"/>
      <line num="90" type="stmt" count="0"/>
      <line num="92" type="stmt" count="0"/>
      <line num="94" type="stmt" count="0"/>
      <line num="96" type="stmt" count="0"/>
      <line num="98" type="stmt" count="0"/>
      <line num="100" type="stmt" count="0"/>
      <line num="103" type="stmt" count="0"/>
      <metrics loc="106" ncloc="95" classes="1" methods="4" coveredmethods="2" conditionals="0" coveredconditionals="0" statements="31" coveredstatements="20" elements="35" coveredelements="22"/>
    </file>
    <file name="C:\Users\PC\OneDrive\Bureau\OpenClassrooms\P8-ToDo-Oc\src\Entity\Task.php">
      <class name="App\Entity\Task" namespace="global">
        <metrics complexity="13" methods="13" coveredmethods="13" conditionals="0" coveredconditionals="0" statements="18" coveredstatements="18" elements="31" coveredelements="31"/>
      </class>
      <line num="33" type="method" name="__construct" visibility="public" complexity="1" crap="1" count="3"/>
      <line num="35" type="stmt" count="3"/>
      <line num="38" type="method" name="getId" visibility="public" complexity="1" crap="1" count="9"/>
      <line num="40" type="stmt" count="9"/>
      <line num="43" type="method" name="getTitle" visibility="public" complexity="1" crap="1" count="7"/>
      <line num="45" type="stmt" count="7"/>
      <line num="48" type="method" name="setTitle" visibility="public" complexity="1" crap="1" count="4"/>
      <line num="50" type="stmt" count="4"/>
      <line num="52" type="stmt" count="4"/>
      <line num="55" type="method" name="getContent" visibility="public" complexity="1" crap="1" count="7"/>
      <line num="57" type="stmt" count="7"/>
      <line num="60" type="method" name="setContent" visibility="public" complexity="1" crap="1" count="3"/>
      <line num="62" type="stmt" count="3"/>
      <line num="64" type="stmt" count="3"/>
      <line num="67" type="method" name="getCreatedAt" visibility="public" complexity="1" crap="1" count="1"/>
      <line num="69" type="stmt" count="1"/>
      <line num="72" type="method" name="setCreatedAt" visibility="public" complexity="1" crap="1" count="1"/>
      <line num="74" type="stmt" count="1"/>
      <line num="76" type="stmt" count="1"/>
      <line num="79" type="method" name="isDone" visibility="public" complexity="1" crap="1" count="5"/>
      <line num="81" type="stmt" count="5"/>
      <line num="84" type="method" name="setDone" visibility="public" complexity="1" crap="1" count="2"/>
      <line num="86" type="stmt" count="2"/>
      <line num="88" type="stmt" count="2"/>
      <line num="91" type="method" name="toggle" visibility="public" complexity="1" crap="1" count="1"/>
      <line num="93" type="stmt" count="1"/>
      <line num="96" type="method" name="getUser" visibility="public" complexity="1" crap="1" count="10"/>
      <line num="98" type="stmt" count="10"/>
      <line num="101" type="method" name="setUser" visibility="public" complexity="1" crap="1" count="3"/>
      <line num="103" type="stmt" count="3"/>
      <line num="105" type="stmt" count="3"/>
      <metrics loc="108" ncloc="108" classes="1" methods="13" coveredmethods="13" conditionals="0" coveredconditionals="0" statements="18" coveredstatements="18" elements="31" coveredelements="31"/>
    </file>
    <file name="C:\Users\PC\OneDrive\Bureau\OpenClassrooms\P8-ToDo-Oc\src\Entity\User.php">
      <class name="App\Entity\User" namespace="global">
        <metrics complexity="21" methods="17" coveredmethods="15" conditionals="0" coveredconditionals="0" statements="31" coveredstatements="28" elements="48" coveredelements="43"/>
      </class>
      <line num="39" type="method" name="__construct" visibility="public" complexity="1" crap="1" count="4"/>
      <line num="42" type="stmt" count="4"/>
      <line num="43" type="stmt" count="4"/>
      <line num="46" type="method" name="getId" visibility="public" complexity="1" crap="1" count="9"/>
      <line num="48" type="stmt" count="9"/>
      <line num="51" type="method" name="getEmail" visibility="public" complexity="1" crap="1" count="5"/>
      <line num="53" type="stmt" count="5"/>
      <line num="56" type="method" name="setEmail" visibility="public" complexity="1" crap="1" count="3"/>
      <line num="58" type="stmt" count="3"/>
      <line num="60" type="stmt" count="3"/>
      <line num="68" type="method" name="getUserIdentifier" visibility="public" complexity="1" crap="1" count="17"/>
      <line num="70" type="stmt" count="17"/>
      <line num="76" type="method" name="getUsername" visibility="public" complexity="1" crap="1" count="5"/>
      <line num="78" type="stmt" count="5"/>
      <line num="84" type="method" name="getRoles" visibility="public" complexity="1" crap="1" count="16"/>
      <line num="86" type="stmt" count="16"/>
      <line num="88" type="stmt" count="16"/>
      <line num="90" type="stmt" count="16"/>
      <line num="93" type="method" name="setRoles" visibility="public" complexity="1" crap="2" count="0"/>
      <line num="95" type="stmt" count="0"/>
      <line num="97" type="stmt" count="0"/>
      <line num="103" type="method" name="getPassword" visibility="public" complexity="1" crap="1" count="18"/>
      <line num="105" type="stmt" count="18"/>
      <line num="108" type="method" name="setPassword" visibility="public" complexity="1" crap="1" count="3"/>
      <line num="110" type="stmt" count="3"/>
      <line num="112" type="stmt" count="3"/>
      <line num="121" type="method" name="getSalt" visibility="public" complexity="1" crap="1" count="17"/>
      <line num="123" type="stmt" count="17"/>
      <line num="135" type="method" name="setUsername" visibility="public" complexity="1" crap="1" count="2"/>
      <line num="137" type="stmt" count="2"/>
      <line num="139" type="stmt" count="2"/>
      <line num="142" type="method" name="getCreatedAt" visibility="public" complexity="1" crap="2" count="0"/>
      <line num="144" type="stmt" count="0"/>
      <line num="147" type="method" name="setCreatedAt" visibility="public" complexity="1" crap="1" count="1"/>
      <line num="149" type="stmt" count="1"/>
      <line num="151" type="stmt" count="1"/>
      <line num="157" type="method" name="getTasks" visibility="public" complexity="1" crap="1" count="1"/>
      <line num="159" type="stmt" count="1"/>
      <line num="162" type="method" name="addTask" visibility="public" complexity="2" crap="2" count="1"/>
      <line num="164" type="stmt" count="1"/>
      <line num="165" type="stmt" count="1"/>
      <line num="166" type="stmt" count="1"/>
      <line num="169" type="stmt" count="1"/>
      <line num="172" type="method" name="removeTask" visibility="public" complexity="3" crap="3" count="1"/>
      <line num="174" type="stmt" count="1"/>
      <line num="176" type="stmt" count="1"/>
      <line num="177" type="stmt" count="1"/>
      <line num="181" type="stmt" count="1"/>
      <metrics loc="184" ncloc="154" classes="1" methods="17" coveredmethods="15" conditionals="0" coveredconditionals="0" statements="31" coveredstatements="28" elements="48" coveredelements="43"/>
    </file>
    <file name="C:\Users\PC\OneDrive\Bureau\OpenClassrooms\P8-ToDo-Oc\src\Kernel.php">
      <class name="App\Kernel" namespace="global">
        <metrics complexity="0" methods="0" coveredmethods="0" conditionals="0" coveredconditionals="0" statements="0" coveredstatements="0" elements="0" coveredelements="0"/>
      </class>
      <metrics loc="12" ncloc="12" classes="0" methods="0" coveredmethods="0" conditionals="0" coveredconditionals="0" statements="0" coveredstatements="0" elements="0" coveredelements="0"/>
    </file>
    <metrics files="7" loc="634" ncloc="561" classes="6" methods="46" coveredmethods="37" conditionals="0" coveredconditionals="0" statements="140" coveredstatements="108" elements="186" coveredelements="145"/>
  </project>
</coverage>
